d:\source\repos\coputervision\lab01\sources\21127730\21127730\x64\debug\vc143.pdb
d:\source\repos\coputervision\lab01\sources\21127730\21127730\x64\debug\vc143.idb
d:\source\repos\coputervision\lab01\sources\21127730\21127730\x64\debug\imgprocessing.obj
d:\source\repos\coputervision\lab01\sources\21127730\21127730\x64\debug\21127730.obj
d:\source\repos\coputervision\lab01\sources\21127730\21127730\x64\debug\21127730.ilk
d:\source\repos\coputervision\lab01\sources\21127730\x64\debug\21127730.exe
d:\source\repos\coputervision\lab01\sources\21127730\x64\debug\21127730.pdb
d:\source\repos\computervision\lab01\sources\21127730\21127730\x64\debug\21127730.obj
d:\source\repos\computervision\lab01\sources\21127730\21127730\x64\debug\imgprocessing.obj
d:\source\repos\computervision\lab01\sources\21127730\21127730\x64\debug\21127730.ilk
d:\source\repos\computervision\lab01\sources\21127730\21127730\x64\debug\vc143.idb
d:\source\repos\computervision\lab01\sources\21127730\21127730\x64\debug\vc143.pdb
d:\source\repos\computervision\lab01\sources\21127730\x64\debug\21127730.pdb
d:\source\repos\computervision\lab01\sources\21127730\x64\debug\21127730.exe
d:\source\repos\computervision\lab01\sources\21127730\21127730\x64\debug\21127730.tlog\cl.command.1.tlog
d:\source\repos\computervision\lab01\sources\21127730\21127730\x64\debug\21127730.tlog\cl.items.tlog
d:\source\repos\computervision\lab01\sources\21127730\21127730\x64\debug\21127730.tlog\cl.read.1.tlog
d:\source\repos\computervision\lab01\sources\21127730\21127730\x64\debug\21127730.tlog\cl.write.1.tlog
d:\source\repos\computervision\lab01\sources\21127730\21127730\x64\debug\21127730.tlog\link.command.1.tlog
d:\source\repos\computervision\lab01\sources\21127730\21127730\x64\debug\21127730.tlog\link.read.1.tlog
d:\source\repos\computervision\lab01\sources\21127730\21127730\x64\debug\21127730.tlog\link.write.1.tlog
